<?xml version="1.0" encoding="UTF-8"?>
<!-- Generated by org.testng.reporters.JUnitReportReporter -->
<testsuite hostname="MAA125CG05164FD" failures="0" tests="1" name="Practice.Program7jsTest" time="5.026" errors="0" timestamp="2025-02-09T12:56:58 IST" skipped="0">
  <testcase classname="Practice.Program7jsTest" name="scroll" time="5.026"/>
  <system-out>
    <![CDATA[scrollExecution started
scrollpassed]]>
  </system-out>
</testsuite> <!-- Practice.Program7jsTest -->
