<?xml version="1.0" encoding="UTF-8"?>
<!-- Generated by org.testng.reporters.JUnitReportReporter -->
<testsuite hostname="MAA125CG05164FD" failures="0" tests="1" name="Practice.Program3Test" time="0.023" errors="0" timestamp="2025-01-26T11:08:56 IST" skipped="0">
  <testcase classname="Practice.Program3Test" name="testcase" time="0.023"/>
  <system-out>
    <![CDATA[janakar]]>
  </system-out>
</testsuite> <!-- Practice.Program3Test -->
