<?xml version="1.0" encoding="UTF-8"?>
<!-- Generated by org.testng.reporters.JUnitReportReporter -->
<testsuite hostname="MAA125CG05164FD" failures="0" tests="1" name="Practice.Program5Dropdown" time="1.212" errors="0" timestamp="2025-02-09T11:08:31 IST" skipped="0">
  <testcase classname="Practice.Program5Dropdown" name="dropdown" time="1.212"/>
  <system-out>
    <![CDATA[dropdownExecution started
Position
Name: A to Z
Name: Z to A
Price: Low to High
Price: High to Low
Created on
dropdownpassed]]>
  </system-out>
</testsuite> <!-- Practice.Program5Dropdown -->
