<?xml version="1.0" encoding="UTF-8"?>
<!-- Generated by org.testng.reporters.JUnitReportReporter -->
<testsuite hostname="MAA125CG05164FD" failures="0" tests="1" name="Practice.Program8POMTest" time="14.754" errors="0" timestamp="2025-02-15T12:17:39 IST" skipped="0">
  <testcase classname="Practice.Program8POMTest" name="testcase1" time="14.754"/>
  <system-out>
    <![CDATA[testcase1Execution started
testcase1passed]]>
  </system-out>
</testsuite> <!-- Practice.Program8POMTest -->
